<?xml version="1.0" encoding="UTF-8"?>
<!-- Generated by org.testng.reporters.JUnitReportReporter -->
<testsuite hostname="Sonaji-SFIN1210" failures="0" tests="1" name="testCases.SD_001_Verify_Add_To_Cart" time="91.666" errors="0" timestamp="2023-01-24T14:21:22 IST" skipped="0">
  <testcase classname="testCases.SD_001_Verify_Add_To_Cart" name="SD001_VerifyAddToCart" time="91.666"/>
  <system-out/>
</testsuite> <!-- testCases.SD_001_Verify_Add_To_Cart -->
